

-------------------------------------------------
CS240: Lab 3. cs240   
Mon Sep  7 10:24:13 EDT 2015
-------------------------------------------------
./countlines in1                    : 0   of 4  
./countlines in2                    : 0   of 4  
./countlines hamlet                 : 0   of 3  
./towords in1                       : 0   of 4  
./towords in2                       : 0   of 4  
./towords hamlet                    : 0   of 3  
./test_stack                        : 0   of 10 
./rpncalc rpn1                      : 0   of 3  
./rpncalc rpn2                      : 0   of 3  
./rpncalc rpn3                      : 0   of 3  
./rpncalc rpn4                      : 0   of 3  
./rpncalc rpn5                      : 0   of 3  
./rpncalc rpn6                      : 0   of 3  
./rpncalc rpn7                      : 0   of 3  
./rpncalc rpn8                      : 0   of 3  
./rpncalc rpn9                      : 0   of 3  
./rpncalc rpn10                     : 0   of 3  
./rpncalc rpn11 3                   : 0   of 3  
./rpncalc rpn12 45                  : 0   of 3  
./rpncalc rpn13 2                   : 0   of 3  
./rpncalc rpn13 2                   : 0   of 3  
./rpncalc rpn13 2                   : 0   of 3  
./plot rpn14 -1 1                   : 0   of 8  
./plot rpn15 -5 5                   : 0   of 8  
./plot rpn15 -10 10                 : 0   of 7  
-------------------------------------------------
                              Total:  0 of 100



-------------------------------------------------
CS240: Lab 3. cs240   
Mon Sep  7 10:26:04 EDT 2015
-------------------------------------------------
./countlines in1                    : 0   of 4  
./countlines in2                    : 0   of 4  
./countlines hamlet                 : 0   of 3  
./towords in1                       : 0   of 4  
./towords in2                       : 0   of 4  
./towords hamlet                    : 0   of 3  
./test_stack                        : 0   of 10 
./rpncalc rpn1                      : 0   of 3  
./rpncalc rpn2                      : 0   of 3  
./rpncalc rpn3                      : 0   of 3  
./rpncalc rpn4                      : 0   of 3  
./rpncalc rpn5                      : 0   of 3  
./rpncalc rpn6                      : 0   of 3  
./rpncalc rpn7                      : 0   of 3  
./rpncalc rpn8                      : 0   of 3  
./rpncalc rpn9                      : 0   of 3  
./rpncalc rpn10                     : 0   of 3  
./rpncalc rpn11 3                   : 0   of 3  
./rpncalc rpn12 45                  : 0   of 3  
./rpncalc rpn13 2                   : 0   of 3  
./rpncalc rpn13 2                   : 0   of 3  
./rpncalc rpn13 2                   : 0   of 3  
./plot rpn14 -1 1                   : 0   of 8  
./plot rpn15 -5 5                   : 0   of 8  
./plot rpn15 -10 10                 : 0   of 7  
-------------------------------------------------
                              Total:  0 of 100



-------------------------------------------------
CS240: Lab 3. cs240   
Mon Sep  7 10:26:39 EDT 2015
-------------------------------------------------
./countlines in1                    : 0   of 4  
./countlines in2                    : 0   of 4  
./countlines hamlet                 : 0   of 3  
./towords in1                       : 0   of 4  
./towords in2                       : 0   of 4  
./towords hamlet                    : 0   of 3  
./test_stack                        : 0   of 10 
./rpncalc rpn1                      : 0   of 3  
./rpncalc rpn2                      : 0   of 3  
./rpncalc rpn3                      : 0   of 3  
./rpncalc rpn4                      : 0   of 3  
./rpncalc rpn5                      : 0   of 3  
./rpncalc rpn6                      : 0   of 3  
./rpncalc rpn7                      : 0   of 3  
./rpncalc rpn8                      : 0   of 3  
./rpncalc rpn9                      : 0   of 3  
./rpncalc rpn10                     : 0   of 3  
./rpncalc rpn11 3                   : 0   of 3  
./rpncalc rpn12 45                  : 0   of 3  
./rpncalc rpn13 2                   : 0   of 3  
./rpncalc rpn13 2                   : 0   of 3  
./rpncalc rpn13 2                   : 0   of 3  
./plot rpn14 -1 1                   : 0   of 8  
./plot rpn15 -5 5                   : 0   of 8  
./plot rpn15 -10 10                 : 0   of 7  
-------------------------------------------------
                              Total:  0 of 100



-------------------------------------------------
CS240: Lab 3. arayabha   
Sun Sep 13 16:01:06 EDT 2015
-------------------------------------------------
./countlines in1                    : 0   of 4  
./countlines in2                    : 0   of 4  
./countlines hamlet                 : 0   of 3  
./towords in1                       : 0   of 4  
./towords in2                       : 0   of 4  
./towords hamlet                    : 0   of 3  
./test_stack                        : 0   of 10 
./rpncalc rpn1                      : 0   of 3  
./rpncalc rpn2                      : 0   of 3  
./rpncalc rpn3                      : 0   of 3  
./rpncalc rpn4                      : 0   of 3  
./rpncalc rpn5                      : 0   of 3  
./rpncalc rpn6                      : 0   of 3  
./rpncalc rpn7                      : 0   of 3  
./rpncalc rpn8                      : 0   of 3  
./rpncalc rpn9                      : 0   of 3  
./rpncalc rpn10                     : 0   of 3  
./rpncalc rpn11 3                   : 0   of 3  
./rpncalc rpn12 45                  : 0   of 3  
./rpncalc rpn13 2                   : 0   of 3  
./rpncalc rpn13 2                   : 0   of 3  
./rpncalc rpn13 2                   : 0   of 3  
./plot rpn14 -1 1                   : 0   of 8  
./plot rpn15 -5 5                   : 0   of 8  
./plot rpn15 -10 10                 : 0   of 7  
-------------------------------------------------
                              Total:  0 of 100



-------------------------------------------------
CS240: Lab 3. arayabha   
Sun Sep 13 16:01:52 EDT 2015
-------------------------------------------------
./countlines in1                    : 0   of 4  
./countlines in2                    : 0   of 4  
./countlines hamlet                 : 0   of 3  
./towords in1                       : 0   of 4  
./towords in2                       : 0   of 4  
./towords hamlet                    : 0   of 3  
./test_stack                        : 0   of 10 
./rpncalc rpn1                      : 0   of 3  
./rpncalc rpn2                      : 0   of 3  
./rpncalc rpn3                      : 0   of 3  
./rpncalc rpn4                      : 0   of 3  
./rpncalc rpn5                      : 0   of 3  
./rpncalc rpn6                      : 0   of 3  
./rpncalc rpn7                      : 0   of 3  
./rpncalc rpn8                      : 0   of 3  
./rpncalc rpn9                      : 0   of 3  
./rpncalc rpn10                     : 0   of 3  
./rpncalc rpn11 3                   : 0   of 3  
./rpncalc rpn12 45                  : 0   of 3  
./rpncalc rpn13 2                   : 0   of 3  
./rpncalc rpn13 2                   : 0   of 3  
./rpncalc rpn13 2                   : 0   of 3  
./plot rpn14 -1 1                   : 0   of 8  
./plot rpn15 -5 5                   : 0   of 8  
./plot rpn15 -10 10                 : 0   of 7  
-------------------------------------------------
                              Total:  0 of 100



-------------------------------------------------
CS240: Lab 3. arayabha   
Sun Sep 13 16:03:46 EDT 2015
-------------------------------------------------
./countlines in1                    : 4   of 4  
./countlines in2                    : 4   of 4  
./countlines hamlet                 : 3   of 3  
./towords in1                       : 0   of 4  
./towords in2                       : 0   of 4  
./towords hamlet                    : 0   of 3  
./test_stack                        : 0   of 10 
./rpncalc rpn1                      : 0   of 3  
./rpncalc rpn2                      : 0   of 3  
./rpncalc rpn3                      : 0   of 3  
./rpncalc rpn4                      : 0   of 3  
./rpncalc rpn5                      : 0   of 3  
./rpncalc rpn6                      : 0   of 3  
./rpncalc rpn7                      : 0   of 3  
./rpncalc rpn8                      : 0   of 3  
./rpncalc rpn9                      : 0   of 3  
./rpncalc rpn10                     : 0   of 3  
./rpncalc rpn11 3                   : 0   of 3  
./rpncalc rpn12 45                  : 0   of 3  
./rpncalc rpn13 2                   : 0   of 3  
./rpncalc rpn13 2                   : 0   of 3  
./rpncalc rpn13 2                   : 0   of 3  
./plot rpn14 -1 1                   : 0   of 8  
./plot rpn15 -5 5                   : 0   of 8  
./plot rpn15 -10 10                 : 0   of 7  
-------------------------------------------------
                              Total:  11 of 100



-------------------------------------------------
CS240: Lab 3. arayabha   
Sun Sep 13 18:58:32 EDT 2015
-------------------------------------------------
./countlines in1                    : 4   of 4  
./countlines in2                    : 4   of 4  
./countlines hamlet                 : 3   of 3  
./towords in1                       : 0   of 4  
./towords in2                       : 0   of 4  
./towords hamlet                    : 0   of 3  
./test_stack                        : 0   of 10 
./rpncalc rpn1                      : 0   of 3  
./rpncalc rpn2                      : 0   of 3  
./rpncalc rpn3                      : 0   of 3  
./rpncalc rpn4                      : 0   of 3  
./rpncalc rpn5                      : 0   of 3  
./rpncalc rpn6                      : 0   of 3  
./rpncalc rpn7                      : 0   of 3  
./rpncalc rpn8                      : 0   of 3  
./rpncalc rpn9                      : 0   of 3  
./rpncalc rpn10                     : 0   of 3  
./rpncalc rpn11 3                   : 0   of 3  
./rpncalc rpn12 45                  : 0   of 3  
./rpncalc rpn13 2                   : 0   of 3  
./rpncalc rpn13 2                   : 0   of 3  
./rpncalc rpn13 2                   : 0   of 3  
./plot rpn14 -1 1                   : 0   of 8  
./plot rpn15 -5 5                   : 0   of 8  
./plot rpn15 -10 10                 : 0   of 7  
-------------------------------------------------
                              Total:  11 of 100



-------------------------------------------------
CS240: Lab 3. arayabha   
Sun Sep 13 22:34:35 EDT 2015
-------------------------------------------------
./countlines in1                    : 4   of 4  
./countlines in2                    : 4   of 4  
./countlines hamlet                 : 3   of 3  
./towords in1                       : 0   of 4  
./towords in2                       : 0   of 4  
./towords hamlet                    : 0   of 3  
./test_stack                        : 0   of 10 
./rpncalc rpn1                      : 0   of 3  
./rpncalc rpn2                      : 0   of 3  
./rpncalc rpn3                      : 0   of 3  
./rpncalc rpn4                      : 0   of 3  
./rpncalc rpn5                      : 0   of 3  
./rpncalc rpn6                      : 0   of 3  
./rpncalc rpn7                      : 0   of 3  
./rpncalc rpn8                      : 0   of 3  
./rpncalc rpn9                      : 0   of 3  
./rpncalc rpn10                     : 0   of 3  
./rpncalc rpn11 3                   : 0   of 3  
./rpncalc rpn12 45                  : 0   of 3  
./rpncalc rpn13 2                   : 0   of 3  
./rpncalc rpn13 2                   : 0   of 3  
./rpncalc rpn13 2                   : 0   of 3  
./plot rpn14 -1 1                   : 0   of 8  
./plot rpn15 -5 5                   : 0   of 8  
./plot rpn15 -10 10                 : 0   of 7  
-------------------------------------------------
                              Total:  11 of 100



-------------------------------------------------
CS240: Lab 3. arayabha   
Sun Sep 13 22:59:48 EDT 2015
-------------------------------------------------
./countlines in1                    : 4   of 4  
./countlines in2                    : 4   of 4  
./countlines hamlet                 : 3   of 3  
./towords in1                       : 0   of 4  
./towords in2                       : 0   of 4  
./towords hamlet                    : 0   of 3  
./test_stack                        : 0   of 10 
./rpncalc rpn1                      : 0   of 3  
./rpncalc rpn2                      : 0   of 3  
./rpncalc rpn3                      : 0   of 3  
./rpncalc rpn4                      : 0   of 3  
./rpncalc rpn5                      : 0   of 3  
./rpncalc rpn6                      : 0   of 3  
./rpncalc rpn7                      : 0   of 3  
./rpncalc rpn8                      : 0   of 3  
./rpncalc rpn9                      : 0   of 3  
./rpncalc rpn10                     : 0   of 3  
./rpncalc rpn11 3                   : 0   of 3  
./rpncalc rpn12 45                  : 0   of 3  
./rpncalc rpn13 2                   : 0   of 3  
./rpncalc rpn13 2                   : 0   of 3  
./rpncalc rpn13 2                   : 0   of 3  
./plot rpn14 -1 1                   : 0   of 8  
./plot rpn15 -5 5                   : 0   of 8  
./plot rpn15 -10 10                 : 0   of 7  
-------------------------------------------------
                              Total:  11 of 100



-------------------------------------------------
CS240: Lab 3. arayabha   
Tue Sep 15 11:49:09 EDT 2015
-------------------------------------------------
./countlines in1                    : 4   of 4  
./countlines in2                    : 4   of 4  
./countlines hamlet                 : 3   of 3  
./towords in1                       : 0   of 4  
./towords in2                       : 0   of 4  
./towords hamlet                    : 0   of 3  
./test_stack                        : 0   of 10 
./rpncalc rpn1                      : 0   of 3  
./rpncalc rpn2                      : 0   of 3  
./rpncalc rpn3                      : 0   of 3  
./rpncalc rpn4                      : 0   of 3  
./rpncalc rpn5                      : 0   of 3  
./rpncalc rpn6                      : 0   of 3  
./rpncalc rpn7                      : 0   of 3  
./rpncalc rpn8                      : 0   of 3  
./rpncalc rpn9                      : 0   of 3  
./rpncalc rpn10                     : 0   of 3  
./rpncalc rpn11 3                   : 0   of 3  
./rpncalc rpn12 45                  : 0   of 3  
./rpncalc rpn13 2                   : 0   of 3  
./rpncalc rpn13 2                   : 0   of 3  
./rpncalc rpn13 2                   : 0   of 3  
./plot rpn14 -1 1                   : 0   of 8  
./plot rpn15 -5 5                   : 0   of 8  
./plot rpn15 -10 10                 : 0   of 7  
-------------------------------------------------
                              Total:  11 of 100



-------------------------------------------------
CS240: Lab 3. arayabha   
Tue Sep 15 11:50:46 EDT 2015
-------------------------------------------------
./countlines in1                    : 4   of 4  
./countlines in2                    : 4   of 4  
./countlines hamlet                 : 3   of 3  
./towords in1                       : 0   of 4  
./towords in2                       : 0   of 4  
./towords hamlet                    : 0   of 3  
./test_stack                        : 0   of 10 
./rpncalc rpn1                      : 0   of 3  
./rpncalc rpn2                      : 0   of 3  
./rpncalc rpn3                      : 0   of 3  
./rpncalc rpn4                      : 0   of 3  
./rpncalc rpn5                      : 0   of 3  
./rpncalc rpn6                      : 0   of 3  
./rpncalc rpn7                      : 0   of 3  
./rpncalc rpn8                      : 0   of 3  
./rpncalc rpn9                      : 0   of 3  
./rpncalc rpn10                     : 0   of 3  
./rpncalc rpn11 3                   : 0   of 3  
./rpncalc rpn12 45                  : 0   of 3  
./rpncalc rpn13 2                   : 0   of 3  
./rpncalc rpn13 2                   : 0   of 3  
./rpncalc rpn13 2                   : 0   of 3  
./plot rpn14 -1 1                   : 0   of 8  
./plot rpn15 -5 5                   : 0   of 8  
./plot rpn15 -10 10                 : 0   of 7  
-------------------------------------------------
                              Total:  11 of 100



-------------------------------------------------
CS240: Lab 3. arayabha   
Tue Sep 15 11:59:04 EDT 2015
-------------------------------------------------
./countlines in1                    : 4   of 4  
./countlines in2                    : 4   of 4  
./countlines hamlet                 : 3   of 3  
./towords in1                       : 0   of 4  
./towords in2                       : 0   of 4  
./towords hamlet                    : 0   of 3  
./test_stack                        : 0   of 10 
./rpncalc rpn1                      : 0   of 3  
./rpncalc rpn2                      : 0   of 3  
./rpncalc rpn3                      : 0   of 3  
./rpncalc rpn4                      : 0   of 3  
./rpncalc rpn5                      : 0   of 3  
./rpncalc rpn6                      : 0   of 3  
./rpncalc rpn7                      : 0   of 3  
./rpncalc rpn8                      : 0   of 3  
./rpncalc rpn9                      : 0   of 3  
./rpncalc rpn10                     : 0   of 3  
./rpncalc rpn11 3                   : 0   of 3  
./rpncalc rpn12 45                  : 0   of 3  
./rpncalc rpn13 2                   : 0   of 3  
./rpncalc rpn13 2                   : 0   of 3  
./rpncalc rpn13 2                   : 0   of 3  
./plot rpn14 -1 1                   : 0   of 8  
./plot rpn15 -5 5                   : 0   of 8  
./plot rpn15 -10 10                 : 0   of 7  
-------------------------------------------------
                              Total:  11 of 100



-------------------------------------------------
CS240: Lab 3. arayabha   
Tue Sep 15 12:00:38 EDT 2015
-------------------------------------------------
./countlines in1                    : 4   of 4  
./countlines in2                    : 4   of 4  
./countlines hamlet                 : 3   of 3  
./towords in1                       : 0   of 4  
./towords in2                       : 0   of 4  
./towords hamlet                    : 0   of 3  
./test_stack                        : 0   of 10 
./rpncalc rpn1                      : 0   of 3  
./rpncalc rpn2                      : 0   of 3  
./rpncalc rpn3                      : 0   of 3  
./rpncalc rpn4                      : 0   of 3  
./rpncalc rpn5                      : 0   of 3  
./rpncalc rpn6                      : 0   of 3  
./rpncalc rpn7                      : 0   of 3  
./rpncalc rpn8                      : 0   of 3  
./rpncalc rpn9                      : 0   of 3  
./rpncalc rpn10                     : 0   of 3  
./rpncalc rpn11 3                   : 0   of 3  
./rpncalc rpn12 45                  : 0   of 3  
./rpncalc rpn13 2                   : 0   of 3  
./rpncalc rpn13 2                   : 0   of 3  
./rpncalc rpn13 2                   : 0   of 3  
./plot rpn14 -1 1                   : 0   of 8  
./plot rpn15 -5 5                   : 0   of 8  
./plot rpn15 -10 10                 : 0   of 7  
-------------------------------------------------
                              Total:  11 of 100



-------------------------------------------------
CS240: Lab 3. arayabha   
Tue Sep 15 12:20:19 EDT 2015
-------------------------------------------------
./countlines in1                    : 4   of 4  
./countlines in2                    : 4   of 4  
./countlines hamlet                 : 3   of 3  
./towords in1                       : 0   of 4  
./towords in2                       : 0   of 4  
./towords hamlet                    : 0   of 3  
./test_stack                        : 0   of 10 
./rpncalc rpn1                      : 0   of 3  
./rpncalc rpn2                      : 0   of 3  
./rpncalc rpn3                      : 0   of 3  
./rpncalc rpn4                      : 0   of 3  
./rpncalc rpn5                      : 0   of 3  
./rpncalc rpn6                      : 0   of 3  
./rpncalc rpn7                      : 0   of 3  
./rpncalc rpn8                      : 0   of 3  
./rpncalc rpn9                      : 0   of 3  
./rpncalc rpn10                     : 0   of 3  
./rpncalc rpn11 3                   : 0   of 3  
./rpncalc rpn12 45                  : 0   of 3  
./rpncalc rpn13 2                   : 0   of 3  
./rpncalc rpn13 2                   : 0   of 3  
./rpncalc rpn13 2                   : 0   of 3  
./plot rpn14 -1 1                   : 0   of 8  
./plot rpn15 -5 5                   : 0   of 8  
./plot rpn15 -10 10                 : 0   of 7  
-------------------------------------------------
                              Total:  11 of 100



-------------------------------------------------
CS240: Lab 3. arayabha   
Tue Sep 15 12:35:27 EDT 2015
-------------------------------------------------
./countlines in1                    : 4   of 4  
./countlines in2                    : 4   of 4  
./countlines hamlet                 : 3   of 3  
./towords in1                       : 0   of 4  
./towords in2                       : 4   of 4  
./towords hamlet                    : 0   of 3  
./test_stack                        : 0   of 10 
./rpncalc rpn1                      : 0   of 3  
./rpncalc rpn2                      : 0   of 3  
./rpncalc rpn3                      : 0   of 3  
./rpncalc rpn4                      : 0   of 3  
./rpncalc rpn5                      : 0   of 3  
./rpncalc rpn6                      : 0   of 3  
./rpncalc rpn7                      : 0   of 3  
./rpncalc rpn8                      : 0   of 3  
./rpncalc rpn9                      : 0   of 3  
./rpncalc rpn10                     : 0   of 3  
./rpncalc rpn11 3                   : 0   of 3  
./rpncalc rpn12 45                  : 0   of 3  
./rpncalc rpn13 2                   : 0   of 3  
./rpncalc rpn13 2                   : 0   of 3  
./rpncalc rpn13 2                   : 0   of 3  
./plot rpn14 -1 1                   : 0   of 8  
./plot rpn15 -5 5                   : 0   of 8  
./plot rpn15 -10 10                 : 0   of 7  
-------------------------------------------------
                              Total:  15 of 100



-------------------------------------------------
CS240: Lab 3. arayabha   
Tue Sep 15 12:36:44 EDT 2015
-------------------------------------------------
./countlines in1                    : 4   of 4  
./countlines in2                    : 4   of 4  
./countlines hamlet                 : 3   of 3  
./towords in1                       : 4   of 4  
./towords in2                       : 4   of 4  
./towords hamlet                    : 3   of 3  
./test_stack                        : 0   of 10 
./rpncalc rpn1                      : 0   of 3  
./rpncalc rpn2                      : 0   of 3  
./rpncalc rpn3                      : 0   of 3  
./rpncalc rpn4                      : 0   of 3  
./rpncalc rpn5                      : 0   of 3  
./rpncalc rpn6                      : 0   of 3  
./rpncalc rpn7                      : 0   of 3  
./rpncalc rpn8                      : 0   of 3  
./rpncalc rpn9                      : 0   of 3  
./rpncalc rpn10                     : 0   of 3  
./rpncalc rpn11 3                   : 0   of 3  
./rpncalc rpn12 45                  : 0   of 3  
./rpncalc rpn13 2                   : 0   of 3  
./rpncalc rpn13 2                   : 0   of 3  
./rpncalc rpn13 2                   : 0   of 3  
./plot rpn14 -1 1                   : 0   of 8  
./plot rpn15 -5 5                   : 0   of 8  
./plot rpn15 -10 10                 : 0   of 7  
-------------------------------------------------
                              Total:  22 of 100



-------------------------------------------------
CS240: Lab 3. arayabha   
Tue Sep 15 13:03:05 EDT 2015
-------------------------------------------------
./countlines in1                    : 4   of 4  
./countlines in2                    : 4   of 4  
./countlines hamlet                 : 3   of 3  
./towords in1                       : 4   of 4  
./towords in2                       : 4   of 4  
./towords hamlet                    : 3   of 3  
./test_stack                        : 0   of 10 
./rpncalc rpn1                      : 0   of 3  
./rpncalc rpn2                      : 0   of 3  
./rpncalc rpn3                      : 0   of 3  
./rpncalc rpn4                      : 0   of 3  
./rpncalc rpn5                      : 0   of 3  
./rpncalc rpn6                      : 0   of 3  
./rpncalc rpn7                      : 0   of 3  
./rpncalc rpn8                      : 0   of 3  
./rpncalc rpn9                      : 0   of 3  
./rpncalc rpn10                     : 0   of 3  
./rpncalc rpn11 3                   : 0   of 3  
./rpncalc rpn12 45                  : 0   of 3  
./rpncalc rpn13 2                   : 0   of 3  
./rpncalc rpn13 2                   : 0   of 3  
./rpncalc rpn13 2                   : 0   of 3  
./plot rpn14 -1 1                   : 0   of 8  
./plot rpn15 -5 5                   : 0   of 8  
./plot rpn15 -10 10                 : 0   of 7  
-------------------------------------------------
                              Total:  22 of 100



-------------------------------------------------
CS240: Lab 3. arayabha   
Wed Sep 16 23:29:04 EDT 2015
-------------------------------------------------
./countlines in1                    : 4   of 4  
./countlines in2                    : 4   of 4  
./countlines hamlet                 : 3   of 3  
./towords in1                       : 4   of 4  
./towords in2                       : 4   of 4  
./towords hamlet                    : 3   of 3  
./test_stack                        : 0   of 10 
./rpncalc rpn1                      : 0   of 3  
./rpncalc rpn2                      : 0   of 3  
./rpncalc rpn3                      : 0   of 3  
./rpncalc rpn4                      : 0   of 3  
./rpncalc rpn5                      : 0   of 3  
./rpncalc rpn6                      : 0   of 3  
./rpncalc rpn7                      : 0   of 3  
./rpncalc rpn8                      : 0   of 3  
./rpncalc rpn9                      : 0   of 3  
./rpncalc rpn10                     : 0   of 3  
./rpncalc rpn11 3                   : 0   of 3  
./rpncalc rpn12 45                  : 0   of 3  
./rpncalc rpn13 2                   : 0   of 3  
./rpncalc rpn13 2                   : 0   of 3  
./rpncalc rpn13 2                   : 0   of 3  
./plot rpn14 -1 1                   : 0   of 8  
./plot rpn15 -5 5                   : 0   of 8  
./plot rpn15 -10 10                 : 0   of 7  
-------------------------------------------------
                              Total:  22 of 100



-------------------------------------------------
CS240: Lab 3. arayabha   
Wed Sep 16 23:31:24 EDT 2015
-------------------------------------------------
./countlines in1                    : 4   of 4  
./countlines in2                    : 4   of 4  
./countlines hamlet                 : 3   of 3  
./towords in1                       : 4   of 4  
./towords in2                       : 4   of 4  
./towords hamlet                    : 3   of 3  
./test_stack                        : 0   of 10 
./rpncalc rpn1                      : 0   of 3  
./rpncalc rpn2                      : 0   of 3  
./rpncalc rpn3                      : 0   of 3  
./rpncalc rpn4                      : 0   of 3  
./rpncalc rpn5                      : 0   of 3  
./rpncalc rpn6                      : 0   of 3  
./rpncalc rpn7                      : 0   of 3  
./rpncalc rpn8                      : 0   of 3  
./rpncalc rpn9                      : 0   of 3  
./rpncalc rpn10                     : 0   of 3  
./rpncalc rpn11 3                   : 0   of 3  
./rpncalc rpn12 45                  : 0   of 3  
./rpncalc rpn13 2                   : 0   of 3  
./rpncalc rpn13 2                   : 0   of 3  
./rpncalc rpn13 2                   : 0   of 3  
./plot rpn14 -1 1                   : 0   of 8  
./plot rpn15 -5 5                   : 0   of 8  
./plot rpn15 -10 10                 : 0   of 7  
-------------------------------------------------
                              Total:  22 of 100



-------------------------------------------------
CS240: Lab 3. arayabha   
Wed Sep 16 23:32:00 EDT 2015
-------------------------------------------------
./countlines in1                    : 4   of 4  
./countlines in2                    : 4   of 4  
./countlines hamlet                 : 3   of 3  
./towords in1                       : 4   of 4  
./towords in2                       : 4   of 4  
./towords hamlet                    : 3   of 3  
./test_stack                        : 10  of 10 
./rpncalc rpn1                      : 0   of 3  
./rpncalc rpn2                      : 0   of 3  
./rpncalc rpn3                      : 0   of 3  
./rpncalc rpn4                      : 0   of 3  
./rpncalc rpn5                      : 0   of 3  
./rpncalc rpn6                      : 0   of 3  
./rpncalc rpn7                      : 0   of 3  
./rpncalc rpn8                      : 0   of 3  
./rpncalc rpn9                      : 0   of 3  
./rpncalc rpn10                     : 0   of 3  
./rpncalc rpn11 3                   : 0   of 3  
./rpncalc rpn12 45                  : 0   of 3  
./rpncalc rpn13 2                   : 0   of 3  
./rpncalc rpn13 2                   : 0   of 3  
./rpncalc rpn13 2                   : 0   of 3  
./plot rpn14 -1 1                   : 0   of 8  
./plot rpn15 -5 5                   : 0   of 8  
./plot rpn15 -10 10                 : 0   of 7  
-------------------------------------------------
                              Total:  32 of 100



-------------------------------------------------
CS240: Lab 3. arayabha   
Thu Sep 17 17:00:30 EDT 2015
-------------------------------------------------
./countlines in1                    : 4   of 4  
./countlines in2                    : 4   of 4  
./countlines hamlet                 : 3   of 3  
./towords in1                       : 4   of 4  
./towords in2                       : 4   of 4  
./towords hamlet                    : 3   of 3  
./test_stack                        : 10  of 10 
./rpncalc rpn1                      : 0   of 3  
./rpncalc rpn2                      : 0   of 3  
./rpncalc rpn3                      : 0   of 3  
./rpncalc rpn4                      : 0   of 3  
./rpncalc rpn5                      : 0   of 3  
./rpncalc rpn6                      : 0   of 3  
./rpncalc rpn7                      : 0   of 3  
./rpncalc rpn8                      : 0   of 3  
./rpncalc rpn9                      : 0   of 3  
./rpncalc rpn10                     : 0   of 3  
./rpncalc rpn11 3                   : 0   of 3  
./rpncalc rpn12 45                  : 0   of 3  
./rpncalc rpn13 2                   : 0   of 3  
./rpncalc rpn13 2                   : 0   of 3  
./rpncalc rpn13 2                   : 0   of 3  
./plot rpn14 -1 1                   : 0   of 8  
./plot rpn15 -5 5                   : 0   of 8  
./plot rpn15 -10 10                 : 0   of 7  
-------------------------------------------------
                              Total:  32 of 100



-------------------------------------------------
CS240: Lab 3. arayabha   
Thu Sep 17 18:01:51 EDT 2015
-------------------------------------------------
./countlines in1                    : 4   of 4  
./countlines in2                    : 4   of 4  
./countlines hamlet                 : 3   of 3  
./towords in1                       : 4   of 4  
./towords in2                       : 4   of 4  
./towords hamlet                    : 3   of 3  
./test_stack                        : 10  of 10 
./rpncalc rpn1                      : 0   of 3  
./rpncalc rpn2                      : 0   of 3  
./rpncalc rpn3                      : 0   of 3  
./rpncalc rpn4                      : 0   of 3  
./rpncalc rpn5                      : 0   of 3  
./rpncalc rpn6                      : 0   of 3  
./rpncalc rpn7                      : 0   of 3  
./rpncalc rpn8                      : 0   of 3  
./rpncalc rpn9                      : 0   of 3  
./rpncalc rpn10                     : 0   of 3  
./rpncalc rpn11 3                   : 0   of 3  
./rpncalc rpn12 45                  : 0   of 3  
./rpncalc rpn13 2                   : 0   of 3  
./rpncalc rpn13 2                   : 0   of 3  
./rpncalc rpn13 2                   : 0   of 3  
./plot rpn14 -1 1                   : 0   of 8  
./plot rpn15 -5 5                   : 0   of 8  
./plot rpn15 -10 10                 : 0   of 7  
-------------------------------------------------
                              Total:  32 of 100



-------------------------------------------------
CS240: Lab 3. arayabha   
Thu Sep 17 18:13:50 EDT 2015
-------------------------------------------------
./countlines in1                    : 4   of 4  
./countlines in2                    : 4   of 4  
./countlines hamlet                 : 3   of 3  
./towords in1                       : 4   of 4  
./towords in2                       : 4   of 4  
./towords hamlet                    : 3   of 3  
./test_stack                        : 10  of 10 
./rpncalc rpn1                      : 0   of 3  
./rpncalc rpn2                      : 0   of 3  
./rpncalc rpn3                      : 0   of 3  
./rpncalc rpn4                      : 0   of 3  
./rpncalc rpn5                      : 0   of 3  
./rpncalc rpn6                      : 0   of 3  
./rpncalc rpn7                      : 0   of 3  
./rpncalc rpn8                      : 0   of 3  
./rpncalc rpn9                      : 0   of 3  
./rpncalc rpn10                     : 0   of 3  
./rpncalc rpn11 3                   : 0   of 3  
./rpncalc rpn12 45                  : 0   of 3  
./rpncalc rpn13 2                   : 0   of 3  
./rpncalc rpn13 2                   : 0   of 3  
./rpncalc rpn13 2                   : 0   of 3  
./plot rpn14 -1 1                   : 0   of 8  
./plot rpn15 -5 5                   : 0   of 8  
./plot rpn15 -10 10                 : 0   of 7  
-------------------------------------------------
                              Total:  32 of 100



-------------------------------------------------
CS240: Lab 3. arayabha   
Thu Sep 17 18:17:45 EDT 2015
-------------------------------------------------
./countlines in1                    : 4   of 4  
./countlines in2                    : 4   of 4  
./countlines hamlet                 : 3   of 3  
./towords in1                       : 4   of 4  
./towords in2                       : 4   of 4  
./towords hamlet                    : 3   of 3  
./test_stack                        : 10  of 10 
./rpncalc rpn1                      : 0   of 3  
./rpncalc rpn2                      : 0   of 3  
./rpncalc rpn3                      : 0   of 3  
./rpncalc rpn4                      : 0   of 3  
./rpncalc rpn5                      : 0   of 3  
./rpncalc rpn6                      : 0   of 3  
./rpncalc rpn7                      : 0   of 3  
./rpncalc rpn8                      : 0   of 3  
./rpncalc rpn9                      : 0   of 3  
./rpncalc rpn10                     : 0   of 3  
./rpncalc rpn11 3                   : 0   of 3  
./rpncalc rpn12 45                  : 0   of 3  
./rpncalc rpn13 2                   : 0   of 3  
./rpncalc rpn13 2                   : 0   of 3  
./rpncalc rpn13 2                   : 0   of 3  
./plot rpn14 -1 1                   : 0   of 8  
./plot rpn15 -5 5                   : 0   of 8  
./plot rpn15 -10 10                 : 0   of 7  
-------------------------------------------------
                              Total:  32 of 100



-------------------------------------------------
CS240: Lab 3. arayabha   
Thu Sep 17 18:45:35 EDT 2015
-------------------------------------------------
./countlines in1                    : 4   of 4  
./countlines in2                    : 4   of 4  
./countlines hamlet                 : 3   of 3  
./towords in1                       : 4   of 4  
./towords in2                       : 4   of 4  
./towords hamlet                    : 3   of 3  
./test_stack                        : 10  of 10 
./rpncalc rpn1                      : 0   of 3  
./rpncalc rpn2                      : 0   of 3  
./rpncalc rpn3                      : 0   of 3  
./rpncalc rpn4                      : 0   of 3  
./rpncalc rpn5                      : 0   of 3  
./rpncalc rpn6                      : 0   of 3  
./rpncalc rpn7                      : 0   of 3  
./rpncalc rpn8                      : 0   of 3  
./rpncalc rpn9                      : 0   of 3  
./rpncalc rpn10                     : 0   of 3  
./rpncalc rpn11 3                   : 0   of 3  
./rpncalc rpn12 45                  : 0   of 3  
./rpncalc rpn13 2                   : 0   of 3  
./rpncalc rpn13 2                   : 0   of 3  
./rpncalc rpn13 2                   : 0   of 3  
./plot rpn14 -1 1                   : 0   of 8  
./plot rpn15 -5 5                   : 0   of 8  
./plot rpn15 -10 10                 : 0   of 7  
-------------------------------------------------
                              Total:  32 of 100



-------------------------------------------------
CS240: Lab 3. arayabha   
Thu Sep 17 18:49:17 EDT 2015
-------------------------------------------------
./countlines in1                    : 4   of 4  
./countlines in2                    : 4   of 4  
./countlines hamlet                 : 3   of 3  
./towords in1                       : 4   of 4  
./towords in2                       : 4   of 4  
./towords hamlet                    : 3   of 3  
./test_stack                        : 10  of 10 
./rpncalc rpn1                      : 0   of 3  
./rpncalc rpn2                      : 0   of 3  
./rpncalc rpn3                      : 0   of 3  
./rpncalc rpn4                      : 0   of 3  
./rpncalc rpn5                      : 0   of 3  
./rpncalc rpn6                      : 0   of 3  
./rpncalc rpn7                      : 0   of 3  
./rpncalc rpn8                      : 0   of 3  
./rpncalc rpn9                      : 0   of 3  
./rpncalc rpn10                     : 0   of 3  
./rpncalc rpn11 3                   : 0   of 3  
./rpncalc rpn12 45                  : 0   of 3  
./rpncalc rpn13 2                   : 0   of 3  
./rpncalc rpn13 2                   : 0   of 3  
./rpncalc rpn13 2                   : 0   of 3  
./plot rpn14 -1 1                   : 0   of 8  
./plot rpn15 -5 5                   : 0   of 8  
./plot rpn15 -10 10                 : 0   of 7  
-------------------------------------------------
                              Total:  32 of 100



-------------------------------------------------
CS240: Lab 3. arayabha   
Thu Sep 17 19:10:07 EDT 2015
-------------------------------------------------
./countlines in1                    : 4   of 4  
./countlines in2                    : 4   of 4  
./countlines hamlet                 : 3   of 3  
./towords in1                       : 4   of 4  
./towords in2                       : 4   of 4  
./towords hamlet                    : 3   of 3  
./test_stack                        : 10  of 10 
./rpncalc rpn1                      : 0   of 3  
./rpncalc rpn2                      : 0   of 3  
./rpncalc rpn3                      : 0   of 3  
./rpncalc rpn4                      : 0   of 3  
./rpncalc rpn5                      : 0   of 3  
./rpncalc rpn6                      : 0   of 3  
./rpncalc rpn7                      : 0   of 3  
./rpncalc rpn8                      : 0   of 3  
./rpncalc rpn9                      : 0   of 3  
./rpncalc rpn10                     : 0   of 3  
./rpncalc rpn11 3                   : 0   of 3  
./rpncalc rpn12 45                  : 0   of 3  
./rpncalc rpn13 2                   : 0   of 3  
./rpncalc rpn13 2                   : 0   of 3  
./rpncalc rpn13 2                   : 0   of 3  
./plot rpn14 -1 1                   : 0   of 8  
./plot rpn15 -5 5                   : 0   of 8  
./plot rpn15 -10 10                 : 0   of 7  
-------------------------------------------------
                              Total:  32 of 100



-------------------------------------------------
CS240: Lab 3. arayabha   
Thu Sep 17 19:13:02 EDT 2015
-------------------------------------------------
./countlines in1                    : 4   of 4  
./countlines in2                    : 4   of 4  
./countlines hamlet                 : 3   of 3  
./towords in1                       : 4   of 4  
./towords in2                       : 4   of 4  
./towords hamlet                    : 3   of 3  
./test_stack                        : 10  of 10 
./rpncalc rpn1                      : 0   of 3  
./rpncalc rpn2                      : 3   of 3  
./rpncalc rpn3                      : 3   of 3  
./rpncalc rpn4                      : 3   of 3  
./rpncalc rpn5                      : 3   of 3  
./rpncalc rpn6                      : 0   of 3  
./rpncalc rpn7                      : 0   of 3  
./rpncalc rpn8                      : 3   of 3  
./rpncalc rpn9                      : 0   of 3  
./rpncalc rpn10                     : 0   of 3  
./rpncalc rpn11 3                   : 0   of 3  
./rpncalc rpn12 45                  : 0   of 3  
./rpncalc rpn13 2                   : 0   of 3  
./rpncalc rpn13 2                   : 0   of 3  
./rpncalc rpn13 2                   : 0   of 3  
./plot rpn14 -1 1                   : 0   of 8  
./plot rpn15 -5 5                   : 0   of 8  
./plot rpn15 -10 10                 : 0   of 7  
-------------------------------------------------
                              Total:  47 of 100



-------------------------------------------------
CS240: Lab 3. arayabha   
Thu Sep 17 19:14:17 EDT 2015
-------------------------------------------------
./countlines in1                    : 4   of 4  
./countlines in2                    : 4   of 4  
./countlines hamlet                 : 3   of 3  
./towords in1                       : 4   of 4  
./towords in2                       : 4   of 4  
./towords hamlet                    : 3   of 3  
./test_stack                        : 10  of 10 
./rpncalc rpn1                      : 0   of 3  
./rpncalc rpn2                      : 3   of 3  
./rpncalc rpn3                      : 3   of 3  
./rpncalc rpn4                      : 3   of 3  
./rpncalc rpn5                      : 3   of 3  
./rpncalc rpn6                      : 0   of 3  
./rpncalc rpn7                      : 0   of 3  
./rpncalc rpn8                      : 3   of 3  
./rpncalc rpn9                      : 0   of 3  
./rpncalc rpn10                     : 0   of 3  
./rpncalc rpn11 3                   : 0   of 3  
./rpncalc rpn12 45                  : 0   of 3  
./rpncalc rpn13 2                   : 0   of 3  
./rpncalc rpn13 2                   : 0   of 3  
./rpncalc rpn13 2                   : 0   of 3  
./plot rpn14 -1 1                   : 0   of 8  
./plot rpn15 -5 5                   : 0   of 8  
./plot rpn15 -10 10                 : 0   of 7  
-------------------------------------------------
                              Total:  47 of 100



-------------------------------------------------
CS240: Lab 3. arayabha   
Thu Sep 17 19:20:19 EDT 2015
-------------------------------------------------
./countlines in1                    : 4   of 4  
./countlines in2                    : 4   of 4  
./countlines hamlet                 : 3   of 3  
./towords in1                       : 4   of 4  
./towords in2                       : 4   of 4  
./towords hamlet                    : 3   of 3  
./test_stack                        : 10  of 10 
./rpncalc rpn1                      : 0   of 3  
./rpncalc rpn2                      : 3   of 3  
./rpncalc rpn3                      : 3   of 3  
./rpncalc rpn4                      : 3   of 3  
./rpncalc rpn5                      : 3   of 3  
./rpncalc rpn6                      : 0   of 3  
./rpncalc rpn7                      : 0   of 3  
./rpncalc rpn8                      : 3   of 3  
./rpncalc rpn9                      : 0   of 3  
./rpncalc rpn10                     : 0   of 3  
./rpncalc rpn11 3                   : 0   of 3  
./rpncalc rpn12 45                  : 0   of 3  
./rpncalc rpn13 2                   : 0   of 3  
./rpncalc rpn13 2                   : 0   of 3  
./rpncalc rpn13 2                   : 0   of 3  
./plot rpn14 -1 1                   : 0   of 8  
./plot rpn15 -5 5                   : 0   of 8  
./plot rpn15 -10 10                 : 0   of 7  
-------------------------------------------------
                              Total:  47 of 100



-------------------------------------------------
CS240: Lab 3. arayabha   
Thu Sep 17 19:34:55 EDT 2015
-------------------------------------------------
./countlines in1                    : 4   of 4  
./countlines in2                    : 4   of 4  
./countlines hamlet                 : 3   of 3  
./towords in1                       : 4   of 4  
./towords in2                       : 4   of 4  
./towords hamlet                    : 3   of 3  
./test_stack                        : 10  of 10 
./rpncalc rpn1                      : 0   of 3  
./rpncalc rpn2                      : 3   of 3  
./rpncalc rpn3                      : 3   of 3  
./rpncalc rpn4                      : 3   of 3  
./rpncalc rpn5                      : 3   of 3  
./rpncalc rpn6                      : 0   of 3  
./rpncalc rpn7                      : 0   of 3  
./rpncalc rpn8                      : 3   of 3  
./rpncalc rpn9                      : 0   of 3  
./rpncalc rpn10                     : 0   of 3  
./rpncalc rpn11 3                   : 0   of 3  
./rpncalc rpn12 45                  : 0   of 3  
./rpncalc rpn13 2                   : 0   of 3  
./rpncalc rpn13 2                   : 0   of 3  
./rpncalc rpn13 2                   : 0   of 3  
./plot rpn14 -1 1                   : 0   of 8  
./plot rpn15 -5 5                   : 0   of 8  
./plot rpn15 -10 10                 : 0   of 7  
-------------------------------------------------
                              Total:  47 of 100



-------------------------------------------------
CS240: Lab 3. arayabha   
Thu Sep 17 19:36:54 EDT 2015
-------------------------------------------------
./countlines in1                    : 4   of 4  
./countlines in2                    : 4   of 4  
./countlines hamlet                 : 3   of 3  
./towords in1                       : 4   of 4  
./towords in2                       : 4   of 4  
./towords hamlet                    : 3   of 3  
./test_stack                        : 10  of 10 
./rpncalc rpn1                      : 0   of 3  
./rpncalc rpn2                      : 3   of 3  
./rpncalc rpn3                      : 3   of 3  
./rpncalc rpn4                      : 3   of 3  
./rpncalc rpn5                      : 3   of 3  
./rpncalc rpn6                      : 0   of 3  
./rpncalc rpn7                      : 0   of 3  
./rpncalc rpn8                      : 3   of 3  
./rpncalc rpn9                      : 0   of 3  
./rpncalc rpn10                     : 0   of 3  
./rpncalc rpn11 3                   : 0   of 3  
./rpncalc rpn12 45                  : 0   of 3  
./rpncalc rpn13 2                   : 0   of 3  
./rpncalc rpn13 2                   : 0   of 3  
./rpncalc rpn13 2                   : 0   of 3  
./plot rpn14 -1 1                   : 0   of 8  
./plot rpn15 -5 5                   : 0   of 8  
./plot rpn15 -10 10                 : 0   of 7  
-------------------------------------------------
                              Total:  47 of 100



-------------------------------------------------
CS240: Lab 3. arayabha   
Thu Sep 17 19:38:28 EDT 2015
-------------------------------------------------
./countlines in1                    : 4   of 4  
./countlines in2                    : 4   of 4  
./countlines hamlet                 : 3   of 3  
./towords in1                       : 4   of 4  
./towords in2                       : 4   of 4  
./towords hamlet                    : 3   of 3  
./test_stack                        : 10  of 10 
./rpncalc rpn1                      : 0   of 3  
./rpncalc rpn2                      : 3   of 3  
./rpncalc rpn3                      : 3   of 3  
./rpncalc rpn4                      : 3   of 3  
./rpncalc rpn5                      : 3   of 3  
./rpncalc rpn6                      : 0   of 3  
./rpncalc rpn7                      : 0   of 3  
./rpncalc rpn8                      : 3   of 3  
./rpncalc rpn9                      : 0   of 3  
./rpncalc rpn10                     : 0   of 3  
./rpncalc rpn11 3                   : 0   of 3  
./rpncalc rpn12 45                  : 0   of 3  
./rpncalc rpn13 2                   : 0   of 3  
./rpncalc rpn13 2                   : 0   of 3  
./rpncalc rpn13 2                   : 0   of 3  
./plot rpn14 -1 1                   : 0   of 8  
./plot rpn15 -5 5                   : 0   of 8  
./plot rpn15 -10 10                 : 0   of 7  
-------------------------------------------------
                              Total:  47 of 100



-------------------------------------------------
CS240: Lab 3. arayabha   
Thu Sep 17 19:47:34 EDT 2015
-------------------------------------------------
./countlines in1                    : 4   of 4  
./countlines in2                    : 4   of 4  
./countlines hamlet                 : 3   of 3  
./towords in1                       : 4   of 4  
./towords in2                       : 4   of 4  
./towords hamlet                    : 3   of 3  
./test_stack                        : 10  of 10 
./rpncalc rpn1                      : 0   of 3  
./rpncalc rpn2                      : 3   of 3  
./rpncalc rpn3                      : 3   of 3  
./rpncalc rpn4                      : 3   of 3  
./rpncalc rpn5                      : 3   of 3  
./rpncalc rpn6                      : 3   of 3  
./rpncalc rpn7                      : 3   of 3  
./rpncalc rpn8                      : 3   of 3  
./rpncalc rpn9                      : 0   of 3  
./rpncalc rpn10                     : 0   of 3  
./rpncalc rpn11 3                   : 0   of 3  
./rpncalc rpn12 45                  : 0   of 3  
./rpncalc rpn13 2                   : 0   of 3  
./rpncalc rpn13 2                   : 0   of 3  
./rpncalc rpn13 2                   : 0   of 3  
./plot rpn14 -1 1                   : 0   of 8  
./plot rpn15 -5 5                   : 0   of 8  
./plot rpn15 -10 10                 : 0   of 7  
-------------------------------------------------
                              Total:  53 of 100



-------------------------------------------------
CS240: Lab 3. arayabha   
Thu Sep 17 20:10:38 EDT 2015
-------------------------------------------------
./countlines in1                    : 4   of 4  
./countlines in2                    : 4   of 4  
./countlines hamlet                 : 3   of 3  
./towords in1                       : 4   of 4  
./towords in2                       : 4   of 4  
./towords hamlet                    : 3   of 3  
./test_stack                        : 10  of 10 
./rpncalc rpn1                      : 3   of 3  
./rpncalc rpn2                      : 3   of 3  
./rpncalc rpn3                      : 3   of 3  
./rpncalc rpn4                      : 3   of 3  
./rpncalc rpn5                      : 3   of 3  
./rpncalc rpn6                      : 3   of 3  
./rpncalc rpn7                      : 3   of 3  
./rpncalc rpn8                      : 3   of 3  
./rpncalc rpn9                      : 0   of 3  
./rpncalc rpn10                     : 0   of 3  
./rpncalc rpn11 3                   : 0   of 3  
./rpncalc rpn12 45                  : 0   of 3  
./rpncalc rpn13 2                   : 0   of 3  
./rpncalc rpn13 2                   : 0   of 3  
./rpncalc rpn13 2                   : 0   of 3  
./plot rpn14 -1 1                   : 0   of 8  
./plot rpn15 -5 5                   : 0   of 8  
./plot rpn15 -10 10                 : 0   of 7  
-------------------------------------------------
                              Total:  56 of 100



-------------------------------------------------
CS240: Lab 3. arayabha   
Thu Sep 17 20:23:15 EDT 2015
-------------------------------------------------
./countlines in1                    : 4   of 4  
./countlines in2                    : 4   of 4  
./countlines hamlet                 : 3   of 3  
./towords in1                       : 4   of 4  
./towords in2                       : 4   of 4  
./towords hamlet                    : 3   of 3  
./test_stack                        : 10  of 10 
./rpncalc rpn1                      : 3   of 3  
./rpncalc rpn2                      : 3   of 3  
./rpncalc rpn3                      : 3   of 3  
./rpncalc rpn4                      : 3   of 3  
./rpncalc rpn5                      : 3   of 3  
./rpncalc rpn6                      : 3   of 3  
./rpncalc rpn7                      : 3   of 3  
./rpncalc rpn8                      : 3   of 3  
./rpncalc rpn9                      : 0   of 3  
./rpncalc rpn10                     : 0   of 3  
./rpncalc rpn11 3                   : 0   of 3  
./rpncalc rpn12 45                  : 0   of 3  
./rpncalc rpn13 2                   : 0   of 3  
./rpncalc rpn13 2                   : 0   of 3  
./rpncalc rpn13 2                   : 0   of 3  
./plot rpn14 -1 1                   : 0   of 8  
./plot rpn15 -5 5                   : 0   of 8  
./plot rpn15 -10 10                 : 0   of 7  
-------------------------------------------------
                              Total:  56 of 100



-------------------------------------------------
CS240: Lab 3. arayabha   
Thu Sep 17 20:28:41 EDT 2015
-------------------------------------------------
./countlines in1                    : 4   of 4  
./countlines in2                    : 4   of 4  
./countlines hamlet                 : 3   of 3  
./towords in1                       : 4   of 4  
./towords in2                       : 4   of 4  
./towords hamlet                    : 3   of 3  
./test_stack                        : 10  of 10 
./rpncalc rpn1                      : 3   of 3  
./rpncalc rpn2                      : 3   of 3  
./rpncalc rpn3                      : 3   of 3  
./rpncalc rpn4                      : 3   of 3  
./rpncalc rpn5                      : 3   of 3  
./rpncalc rpn6                      : 3   of 3  
./rpncalc rpn7                      : 3   of 3  
./rpncalc rpn8                      : 3   of 3  
./rpncalc rpn9                      : 3   of 3  
./rpncalc rpn10                     : 3   of 3  
./rpncalc rpn11 3                   : 0   of 3  
./rpncalc rpn12 45                  : 0   of 3  
./rpncalc rpn13 2                   : 0   of 3  
./rpncalc rpn13 2                   : 0   of 3  
./rpncalc rpn13 2                   : 0   of 3  
./plot rpn14 -1 1                   : 0   of 8  
./plot rpn15 -5 5                   : 0   of 8  
./plot rpn15 -10 10                 : 0   of 7  
-------------------------------------------------
                              Total:  62 of 100



-------------------------------------------------
CS240: Lab 3. arayabha   
Thu Sep 17 20:32:18 EDT 2015
-------------------------------------------------
./countlines in1                    : 4   of 4  
./countlines in2                    : 4   of 4  
./countlines hamlet                 : 3   of 3  
./towords in1                       : 4   of 4  
./towords in2                       : 4   of 4  
./towords hamlet                    : 3   of 3  
./test_stack                        : 10  of 10 
./rpncalc rpn1                      : 3   of 3  
./rpncalc rpn2                      : 3   of 3  
./rpncalc rpn3                      : 3   of 3  
./rpncalc rpn4                      : 3   of 3  
./rpncalc rpn5                      : 3   of 3  
./rpncalc rpn6                      : 3   of 3  
./rpncalc rpn7                      : 3   of 3  
./rpncalc rpn8                      : 3   of 3  
./rpncalc rpn9                      : 3   of 3  
./rpncalc rpn10                     : 3   of 3  
./rpncalc rpn11 3                   : 3   of 3  
./rpncalc rpn12 45                  : 3   of 3  
./rpncalc rpn13 2                   : 3   of 3  
./rpncalc rpn13 2                   : 3   of 3  
./rpncalc rpn13 2                   : 3   of 3  
./plot rpn14 -1 1                   : 0   of 8  
./plot rpn15 -5 5                   : 0   of 8  
./plot rpn15 -10 10                 : 0   of 7  
-------------------------------------------------
                              Total:  77 of 100



-------------------------------------------------
CS240: Lab 3. arayabha   
Thu Sep 17 21:04:37 EDT 2015
-------------------------------------------------
./countlines in1                    : 4   of 4  
./countlines in2                    : 4   of 4  
./countlines hamlet                 : 3   of 3  
./towords in1                       : 4   of 4  
./towords in2                       : 4   of 4  
./towords hamlet                    : 3   of 3  
./test_stack                        : 10  of 10 
./rpncalc rpn1                      : 3   of 3  
./rpncalc rpn2                      : 3   of 3  
./rpncalc rpn3                      : 3   of 3  
./rpncalc rpn4                      : 3   of 3  
./rpncalc rpn5                      : 3   of 3  
./rpncalc rpn6                      : 3   of 3  
./rpncalc rpn7                      : 3   of 3  
./rpncalc rpn8                      : 3   of 3  
./rpncalc rpn9                      : 3   of 3  
./rpncalc rpn10                     : 3   of 3  
./rpncalc rpn11 3                   : 3   of 3  
./rpncalc rpn12 45                  : 3   of 3  
./rpncalc rpn13 2                   : 3   of 3  
./rpncalc rpn13 2                   : 3   of 3  
./rpncalc rpn13 2                   : 3   of 3  
./plot rpn14 -1 1                   : 0   of 8  
./plot rpn15 -5 5                   : 0   of 8  
./plot rpn15 -10 10                 : 0   of 7  
-------------------------------------------------
                              Total:  77 of 100



-------------------------------------------------
CS240: Lab 3. arayabha   
Thu Sep 17 21:18:39 EDT 2015
-------------------------------------------------
./countlines in1                    : 4   of 4  
./countlines in2                    : 4   of 4  
./countlines hamlet                 : 3   of 3  
./towords in1                       : 4   of 4  
./towords in2                       : 4   of 4  
./towords hamlet                    : 3   of 3  
./test_stack                        : 10  of 10 
./rpncalc rpn1                      : 3   of 3  
./rpncalc rpn2                      : 3   of 3  
./rpncalc rpn3                      : 3   of 3  
./rpncalc rpn4                      : 3   of 3  
./rpncalc rpn5                      : 3   of 3  
./rpncalc rpn6                      : 3   of 3  
./rpncalc rpn7                      : 3   of 3  
./rpncalc rpn8                      : 3   of 3  
./rpncalc rpn9                      : 3   of 3  
./rpncalc rpn10                     : 3   of 3  
./rpncalc rpn11 3                   : 3   of 3  
./rpncalc rpn12 45                  : 3   of 3  
./rpncalc rpn13 2                   : 3   of 3  
./rpncalc rpn13 2                   : 3   of 3  
./rpncalc rpn13 2                   : 3   of 3  
./plot rpn14 -1 1                   : 0   of 8  
./plot rpn15 -5 5                   : 0   of 8  
./plot rpn15 -10 10                 : 0   of 7  
-------------------------------------------------
                              Total:  77 of 100



-------------------------------------------------
CS240: Lab 3. arayabha   
Thu Sep 17 21:33:28 EDT 2015
-------------------------------------------------
./countlines in1                    : 4   of 4  
./countlines in2                    : 4   of 4  
./countlines hamlet                 : 3   of 3  
./towords in1                       : 4   of 4  
./towords in2                       : 4   of 4  
./towords hamlet                    : 3   of 3  
./test_stack                        : 10  of 10 
./rpncalc rpn1                      : 3   of 3  
./rpncalc rpn2                      : 3   of 3  
./rpncalc rpn3                      : 3   of 3  
./rpncalc rpn4                      : 3   of 3  
./rpncalc rpn5                      : 3   of 3  
./rpncalc rpn6                      : 3   of 3  
./rpncalc rpn7                      : 3   of 3  
./rpncalc rpn8                      : 3   of 3  
./rpncalc rpn9                      : 3   of 3  
./rpncalc rpn10                     : 3   of 3  
./rpncalc rpn11 3                   : 3   of 3  
./rpncalc rpn12 45                  : 3   of 3  
./rpncalc rpn13 2                   : 3   of 3  
./rpncalc rpn13 2                   : 3   of 3  
./rpncalc rpn13 2                   : 3   of 3  
./plot rpn14 -1 1                   : 0   of 8  
./plot rpn15 -5 5                   : 0   of 8  
./plot rpn15 -10 10                 : 0   of 7  
-------------------------------------------------
                              Total:  77 of 100



-------------------------------------------------
CS240: Lab 3. arayabha   
Thu Sep 17 21:35:40 EDT 2015
-------------------------------------------------
./countlines in1                    : 4   of 4  
./countlines in2                    : 4   of 4  
./countlines hamlet                 : 3   of 3  
./towords in1                       : 4   of 4  
./towords in2                       : 4   of 4  
./towords hamlet                    : 3   of 3  
./test_stack                        : 10  of 10 
./rpncalc rpn1                      : 3   of 3  
./rpncalc rpn2                      : 3   of 3  
./rpncalc rpn3                      : 3   of 3  
./rpncalc rpn4                      : 3   of 3  
./rpncalc rpn5                      : 3   of 3  
./rpncalc rpn6                      : 3   of 3  
./rpncalc rpn7                      : 3   of 3  
./rpncalc rpn8                      : 3   of 3  
./rpncalc rpn9                      : 3   of 3  
./rpncalc rpn10                     : 3   of 3  
./rpncalc rpn11 3                   : 3   of 3  
./rpncalc rpn12 45                  : 3   of 3  
./rpncalc rpn13 2                   : 3   of 3  
./rpncalc rpn13 2                   : 3   of 3  
./rpncalc rpn13 2                   : 3   of 3  
./plot rpn14 -1 1                   : 8   of 8  
./plot rpn15 -5 5                   : 8   of 8  
./plot rpn15 -10 10                 : 7   of 7  
-------------------------------------------------
                              Total:  100 of 100



-------------------------------------------------
CS240: Lab 3. arayabha   
Fri Sep 18 11:41:29 EDT 2015
-------------------------------------------------
./countlines in1                    : 4   of 4  
./countlines in2                    : 4   of 4  
./countlines hamlet                 : 3   of 3  
./towords in1                       : 4   of 4  
./towords in2                       : 4   of 4  
./towords hamlet                    : 3   of 3  
./test_stack                        : 10  of 10 
./rpncalc rpn1                      : 3   of 3  
./rpncalc rpn2                      : 3   of 3  
./rpncalc rpn3                      : 3   of 3  
./rpncalc rpn4                      : 3   of 3  
./rpncalc rpn5                      : 3   of 3  
./rpncalc rpn6                      : 3   of 3  
./rpncalc rpn7                      : 3   of 3  
./rpncalc rpn8                      : 3   of 3  
./rpncalc rpn9                      : 3   of 3  
./rpncalc rpn10                     : 3   of 3  
./rpncalc rpn11 3                   : 3   of 3  
./rpncalc rpn12 45                  : 3   of 3  
./rpncalc rpn13 2                   : 3   of 3  
./rpncalc rpn13 2                   : 3   of 3  
./rpncalc rpn13 2                   : 3   of 3  
./plot rpn14 -1 1                   : 8   of 8  
./plot rpn15 -5 5                   : 8   of 8  
./plot rpn15 -10 10                 : 7   of 7  
-------------------------------------------------
                              Total:  100 of 100



-------------------------------------------------
CS240: Lab 3. arayabha   
Sat Sep 19 19:10:49 EDT 2015
-------------------------------------------------
./countlines in1                    : 4   of 4  
./countlines in2                    : 4   of 4  
./countlines hamlet                 : 3   of 3  
./towords in1                       : 4   of 4  
./towords in2                       : 4   of 4  
./towords hamlet                    : 3   of 3  
./test_stack                        : 10  of 10 
./rpncalc rpn1                      : 3   of 3  
./rpncalc rpn2                      : 3   of 3  
./rpncalc rpn3                      : 3   of 3  
./rpncalc rpn4                      : 3   of 3  
./rpncalc rpn5                      : 3   of 3  
./rpncalc rpn6                      : 3   of 3  
./rpncalc rpn7                      : 3   of 3  
./rpncalc rpn8                      : 3   of 3  
./rpncalc rpn9                      : 3   of 3  
./rpncalc rpn10                     : 3   of 3  
./rpncalc rpn11 3                   : 3   of 3  
./rpncalc rpn12 45                  : 3   of 3  
./rpncalc rpn13 2                   : 3   of 3  
./rpncalc rpn13 2                   : 3   of 3  
./rpncalc rpn13 2                   : 3   of 3  
./plot rpn14 -1 1                   : 8   of 8  
./plot rpn15 -5 5                   : 8   of 8  
./plot rpn15 -10 10                 : 7   of 7  
-------------------------------------------------
                              Total:  100 of 100



-------------------------------------------------
CS240: Lab 3. arayabha   
Tue Sep 29 12:27:03 EDT 2015
-------------------------------------------------
./countlines in1                    : 4   of 4  
./countlines in2                    : 4   of 4  
./countlines hamlet                 : 3   of 3  
./towords in1                       : 4   of 4  
./towords in2                       : 4   of 4  
./towords hamlet                    : 3   of 3  
./test_stack                        : 10  of 10 
./rpncalc rpn1                      : 3   of 3  
./rpncalc rpn2                      : 3   of 3  
./rpncalc rpn3                      : 3   of 3  
./rpncalc rpn4                      : 3   of 3  
./rpncalc rpn5                      : 3   of 3  
./rpncalc rpn6                      : 3   of 3  
./rpncalc rpn7                      : 3   of 3  
./rpncalc rpn8                      : 3   of 3  
./rpncalc rpn9                      : 3   of 3  
./rpncalc rpn10                     : 3   of 3  
./rpncalc rpn11 3                   : 3   of 3  
./rpncalc rpn12 45                  : 3   of 3  
./rpncalc rpn13 2                   : 3   of 3  
./rpncalc rpn13 2                   : 3   of 3  
./rpncalc rpn13 2                   : 3   of 3  
./plot rpn14 -1 1                   : 8   of 8  
./plot rpn15 -5 5                   : 8   of 8  
./plot rpn15 -10 10                 : 7   of 7  
-------------------------------------------------
                              Total:  100 of 100



-------------------------------------------------
CS240: Lab 3. arayabha   
Tue Sep 29 12:32:20 EDT 2015
-------------------------------------------------
./countlines in1                    : 4   of 4  
./countlines in2                    : 4   of 4  
./countlines hamlet                 : 3   of 3  
./towords in1                       : 4   of 4  
./towords in2                       : 4   of 4  
./towords hamlet                    : 3   of 3  
./test_stack                        : 10  of 10 
./rpncalc rpn1                      : 3   of 3  
./rpncalc rpn2                      : 3   of 3  
./rpncalc rpn3                      : 3   of 3  
./rpncalc rpn4                      : 3   of 3  
./rpncalc rpn5                      : 3   of 3  
./rpncalc rpn6                      : 3   of 3  
./rpncalc rpn7                      : 3   of 3  
./rpncalc rpn8                      : 3   of 3  
./rpncalc rpn9                      : 3   of 3  
./rpncalc rpn10                     : 3   of 3  
./rpncalc rpn11 3                   : 3   of 3  
./rpncalc rpn12 45                  : 3   of 3  
./rpncalc rpn13 2                   : 3   of 3  
./rpncalc rpn13 2                   : 3   of 3  
./rpncalc rpn13 2                   : 3   of 3  
./plot rpn14 -1 1                   : 8   of 8  
./plot rpn15 -5 5                   : 8   of 8  
./plot rpn15 -10 10                 : 7   of 7  
-------------------------------------------------
                              Total:  100 of 100



-------------------------------------------------
CS240: Lab 3. arayabha   
Sun Nov  6 17:00:09 EST 2016
-------------------------------------------------
./countlines in1                    : 4   of 4  
./countlines in2                    : 4   of 4  
./countlines hamlet                 : 3   of 3  
./towords in1                       : 4   of 4  
./towords in2                       : 4   of 4  
./towords hamlet                    : 3   of 3  
./test_stack                        : 10  of 10 
./rpncalc rpn1                      : 3   of 3  
./rpncalc rpn2                      : 3   of 3  
./rpncalc rpn3                      : 3   of 3  
./rpncalc rpn4                      : 3   of 3  
./rpncalc rpn5                      : 3   of 3  
./rpncalc rpn6                      : 3   of 3  
./rpncalc rpn7                      : 3   of 3  
./rpncalc rpn8                      : 3   of 3  
./rpncalc rpn9                      : 3   of 3  
./rpncalc rpn10                     : 3   of 3  
./rpncalc rpn11 3                   : 3   of 3  
./rpncalc rpn12 45                  : 3   of 3  
./rpncalc rpn13 2                   : 3   of 3  
./rpncalc rpn13 2                   : 3   of 3  
./rpncalc rpn13 2                   : 3   of 3  
./plot rpn14 -1 1                   : 8   of 8  
./plot rpn15 -5 5                   : 8   of 8  
./plot rpn15 -10 10                 : 7   of 7  
-------------------------------------------------
                              Total:  100 of 100



-------------------------------------------------
CS240: Lab 3. arayabha   
Sun Nov  6 17:28:27 EST 2016
-------------------------------------------------
./countlines in1                    : 4   of 4  
./countlines in2                    : 4   of 4  
./countlines hamlet                 : 3   of 3  
./towords in1                       : 4   of 4  
./towords in2                       : 4   of 4  
./towords hamlet                    : 3   of 3  
./test_stack                        : 10  of 10 
./rpncalc rpn1                      : 3   of 3  
./rpncalc rpn2                      : 3   of 3  
./rpncalc rpn3                      : 3   of 3  
./rpncalc rpn4                      : 3   of 3  
./rpncalc rpn5                      : 3   of 3  
./rpncalc rpn6                      : 3   of 3  
./rpncalc rpn7                      : 3   of 3  
./rpncalc rpn8                      : 3   of 3  
./rpncalc rpn9                      : 3   of 3  
./rpncalc rpn10                     : 3   of 3  
./rpncalc rpn11 3                   : 3   of 3  
./rpncalc rpn12 45                  : 3   of 3  
./rpncalc rpn13 2                   : 3   of 3  
./rpncalc rpn13 2                   : 3   of 3  
./rpncalc rpn13 2                   : 3   of 3  
./plot rpn14 -1 1                   : 8   of 8  
./plot rpn15 -5 5                   : 8   of 8  
./plot rpn15 -10 10                 : 7   of 7  
-------------------------------------------------
                              Total:  100 of 100

